<?xml version="1.0" encoding="UTF-8"?>
<testng-results ignored="0" total="4" passed="2" failed="2" skipped="0">
  <reporter-output>
  </reporter-output>
  <suite started-at="2024-01-19T21:41:00 IST" name="Suite" finished-at="2024-01-19T21:41:55 IST" duration-ms="55197">
    <groups>
      <group name="SmokeSuite">
        <method signature="CreateContactTest.createContact()[pri:0, instance:contactsTests.CreateContactTest@8297b3a]" name="createContact" class="contactsTests.CreateContactTest"/>
        <method signature="CreateContactTest.createContact()[pri:0, instance:contactsTests.CreateContactTest@7494f96a]" name="createContact" class="contactsTests.CreateContactTest"/>
      </group> <!-- SmokeSuite -->
    </groups>
    <test started-at="2024-01-19T21:41:00 IST" name="Test-Runner-Edge" finished-at="2024-01-19T21:41:53 IST" duration-ms="53615">
      <class name="contactsTests.CreateContactTest">
        <test-method is-config="true" signature="bcConfig()[pri:0, instance:contactsTests.CreateContactTest@8297b3a]" started-at="2024-01-19T21:41:00 IST" name="bcConfig" finished-at="2024-01-19T21:41:07 IST" duration-ms="6651" status="PASS">
          <reporter-output>
          </reporter-output>
        </test-method> <!-- bcConfig -->
        <test-method is-config="true" signature="bmCongig()[pri:0, instance:contactsTests.CreateContactTest@8297b3a]" started-at="2024-01-19T21:41:07 IST" name="bmCongig" finished-at="2024-01-19T21:41:13 IST" duration-ms="5788" status="PASS">
          <reporter-output>
          </reporter-output>
        </test-method> <!-- bmCongig -->
        <test-method signature="createContact()[pri:0, instance:contactsTests.CreateContactTest@8297b3a]" started-at="2024-01-19T21:41:13 IST" name="createContact" finished-at="2024-01-19T21:41:36 IST" duration-ms="23905" status="PASS">
          <reporter-output>
          </reporter-output>
        </test-method> <!-- createContact -->
        <test-method is-config="true" signature="amConfig()[pri:0, instance:contactsTests.CreateContactTest@8297b3a]" started-at="2024-01-19T21:41:36 IST" name="amConfig" finished-at="2024-01-19T21:41:40 IST" duration-ms="3381" status="PASS">
          <reporter-output>
          </reporter-output>
        </test-method> <!-- amConfig -->
        <test-method is-config="true" signature="bmCongig()[pri:0, instance:contactsTests.CreateContactTest@8297b3a]" started-at="2024-01-19T21:41:40 IST" name="bmCongig" finished-at="2024-01-19T21:41:44 IST" duration-ms="4466" status="PASS">
          <reporter-output>
          </reporter-output>
        </test-method> <!-- bmCongig -->
        <test-method signature="demoTest()[pri:0, instance:contactsTests.CreateContactTest@8297b3a]" started-at="2024-01-19T21:41:44 IST" name="demoTest" finished-at="2024-01-19T21:41:44 IST" duration-ms="11" status="FAIL">
          <exception class="java.lang.AssertionError">
            <message>
              <![CDATA[null]]>
            </message>
            <full-stacktrace>
              <![CDATA[java.lang.AssertionError: null
at org.testng.Assert.fail(Assert.java:111)
at org.testng.Assert.fail(Assert.java:116)
at contactsTests.CreateContactTest.demoTest(CreateContactTest.java:62)
at java.base/jdk.internal.reflect.DirectMethodHandleAccessor.invoke(DirectMethodHandleAccessor.java:104)
at java.base/java.lang.reflect.Method.invoke(Method.java:578)
at org.testng.internal.invokers.MethodInvocationHelper.invokeMethod(MethodInvocationHelper.java:139)
at org.testng.internal.invokers.TestInvoker.invokeMethod(TestInvoker.java:664)
at org.testng.internal.invokers.TestInvoker.invokeTestMethod(TestInvoker.java:228)
at org.testng.internal.invokers.MethodRunner.runInSequence(MethodRunner.java:63)
at org.testng.internal.invokers.TestInvoker$MethodInvocationAgent.invoke(TestInvoker.java:961)
at org.testng.internal.invokers.TestInvoker.invokeTestMethods(TestInvoker.java:201)
at org.testng.internal.invokers.TestMethodWorker.invokeTestMethods(TestMethodWorker.java:148)
at org.testng.internal.invokers.TestMethodWorker.run(TestMethodWorker.java:128)
at java.base/java.util.ArrayList.forEach(ArrayList.java:1511)
at org.testng.TestRunner.privateRun(TestRunner.java:819)
at org.testng.TestRunner.run(TestRunner.java:619)
at org.testng.SuiteRunner.runTest(SuiteRunner.java:443)
at org.testng.SuiteRunner$SuiteWorker.run(SuiteRunner.java:481)
at org.testng.internal.thread.ThreadUtil.lambda$execute$0(ThreadUtil.java:58)
at java.base/java.util.concurrent.FutureTask.run(FutureTask.java:317)
at java.base/java.util.concurrent.ThreadPoolExecutor.runWorker(ThreadPoolExecutor.java:1144)
at java.base/java.util.concurrent.ThreadPoolExecutor$Worker.run(ThreadPoolExecutor.java:642)
at java.base/java.lang.Thread.run(Thread.java:1589)
]]>
            </full-stacktrace>
          </exception> <!-- java.lang.AssertionError -->
          <reporter-output>
          </reporter-output>
        </test-method> <!-- demoTest -->
        <test-method is-config="true" signature="amConfig()[pri:0, instance:contactsTests.CreateContactTest@8297b3a]" started-at="2024-01-19T21:41:46 IST" name="amConfig" finished-at="2024-01-19T21:41:53 IST" duration-ms="6870" status="PASS">
          <reporter-output>
          </reporter-output>
        </test-method> <!-- amConfig -->
        <test-method is-config="true" signature="acConfig()[pri:0, instance:contactsTests.CreateContactTest@8297b3a]" started-at="2024-01-19T21:41:53 IST" name="acConfig" finished-at="2024-01-19T21:41:53 IST" duration-ms="379" status="PASS">
          <reporter-output>
          </reporter-output>
        </test-method> <!-- acConfig -->
      </class> <!-- contactsTests.CreateContactTest -->
    </test> <!-- Test-Runner-Edge -->
    <test started-at="2024-01-19T21:41:00 IST" name="Test-Runner-firefox" finished-at="2024-01-19T21:41:55 IST" duration-ms="55197">
      <class name="contactsTests.CreateContactTest">
        <test-method is-config="true" signature="bsconfig()[pri:0, instance:contactsTests.CreateContactTest@7494f96a]" started-at="2024-01-19T21:41:00 IST" name="bsconfig" finished-at="2024-01-19T21:41:00 IST" duration-ms="32" status="PASS">
          <reporter-output>
          </reporter-output>
        </test-method> <!-- bsconfig -->
        <test-method is-config="true" signature="bcConfig()[pri:0, instance:contactsTests.CreateContactTest@7494f96a]" started-at="2024-01-19T21:41:00 IST" name="bcConfig" finished-at="2024-01-19T21:41:08 IST" duration-ms="7620" status="PASS">
          <reporter-output>
          </reporter-output>
        </test-method> <!-- bcConfig -->
        <test-method is-config="true" signature="bmCongig()[pri:0, instance:contactsTests.CreateContactTest@7494f96a]" started-at="2024-01-19T21:41:08 IST" name="bmCongig" finished-at="2024-01-19T21:41:15 IST" duration-ms="7290" status="PASS">
          <reporter-output>
          </reporter-output>
        </test-method> <!-- bmCongig -->
        <test-method signature="createContact()[pri:0, instance:contactsTests.CreateContactTest@7494f96a]" started-at="2024-01-19T21:41:15 IST" name="createContact" finished-at="2024-01-19T21:41:37 IST" duration-ms="22514" status="PASS">
          <reporter-output>
          </reporter-output>
        </test-method> <!-- createContact -->
        <test-method is-config="true" signature="amConfig()[pri:0, instance:contactsTests.CreateContactTest@7494f96a]" started-at="2024-01-19T21:41:37 IST" name="amConfig" finished-at="2024-01-19T21:41:41 IST" duration-ms="3532" status="PASS">
          <reporter-output>
          </reporter-output>
        </test-method> <!-- amConfig -->
        <test-method is-config="true" signature="bmCongig()[pri:0, instance:contactsTests.CreateContactTest@7494f96a]" started-at="2024-01-19T21:41:41 IST" name="bmCongig" finished-at="2024-01-19T21:41:46 IST" duration-ms="4572" status="PASS">
          <reporter-output>
          </reporter-output>
        </test-method> <!-- bmCongig -->
        <test-method signature="demoTest()[pri:0, instance:contactsTests.CreateContactTest@7494f96a]" started-at="2024-01-19T21:41:46 IST" name="demoTest" finished-at="2024-01-19T21:41:46 IST" duration-ms="5" status="FAIL">
          <exception class="java.lang.AssertionError">
            <message>
              <![CDATA[null]]>
            </message>
            <full-stacktrace>
              <![CDATA[java.lang.AssertionError: null
at org.testng.Assert.fail(Assert.java:111)
at org.testng.Assert.fail(Assert.java:116)
at contactsTests.CreateContactTest.demoTest(CreateContactTest.java:62)
at java.base/jdk.internal.reflect.DirectMethodHandleAccessor.invoke(DirectMethodHandleAccessor.java:104)
at java.base/java.lang.reflect.Method.invoke(Method.java:578)
at org.testng.internal.invokers.MethodInvocationHelper.invokeMethod(MethodInvocationHelper.java:139)
at org.testng.internal.invokers.TestInvoker.invokeMethod(TestInvoker.java:664)
at org.testng.internal.invokers.TestInvoker.invokeTestMethod(TestInvoker.java:228)
at org.testng.internal.invokers.MethodRunner.runInSequence(MethodRunner.java:63)
at org.testng.internal.invokers.TestInvoker$MethodInvocationAgent.invoke(TestInvoker.java:961)
at org.testng.internal.invokers.TestInvoker.invokeTestMethods(TestInvoker.java:201)
at org.testng.internal.invokers.TestMethodWorker.invokeTestMethods(TestMethodWorker.java:148)
at org.testng.internal.invokers.TestMethodWorker.run(TestMethodWorker.java:128)
at java.base/java.util.ArrayList.forEach(ArrayList.java:1511)
at org.testng.TestRunner.privateRun(TestRunner.java:819)
at org.testng.TestRunner.run(TestRunner.java:619)
at org.testng.SuiteRunner.runTest(SuiteRunner.java:443)
at org.testng.SuiteRunner$SuiteWorker.run(SuiteRunner.java:481)
at org.testng.internal.thread.ThreadUtil.lambda$execute$0(ThreadUtil.java:58)
at java.base/java.util.concurrent.FutureTask.run(FutureTask.java:317)
at java.base/java.util.concurrent.ThreadPoolExecutor.runWorker(ThreadPoolExecutor.java:1144)
at java.base/java.util.concurrent.ThreadPoolExecutor$Worker.run(ThreadPoolExecutor.java:642)
at java.base/java.lang.Thread.run(Thread.java:1589)
]]>
            </full-stacktrace>
          </exception> <!-- java.lang.AssertionError -->
          <reporter-output>
          </reporter-output>
        </test-method> <!-- demoTest -->
        <test-method is-config="true" signature="amConfig()[pri:0, instance:contactsTests.CreateContactTest@7494f96a]" started-at="2024-01-19T21:41:46 IST" name="amConfig" finished-at="2024-01-19T21:41:54 IST" duration-ms="8111" status="PASS">
          <reporter-output>
          </reporter-output>
        </test-method> <!-- amConfig -->
        <test-method is-config="true" signature="acConfig()[pri:0, instance:contactsTests.CreateContactTest@7494f96a]" started-at="2024-01-19T21:41:54 IST" name="acConfig" finished-at="2024-01-19T21:41:55 IST" duration-ms="452" status="PASS">
          <reporter-output>
          </reporter-output>
        </test-method> <!-- acConfig -->
        <test-method is-config="true" signature="asCongif()[pri:0, instance:contactsTests.CreateContactTest@7494f96a]" started-at="2024-01-19T21:41:55 IST" name="asCongif" finished-at="2024-01-19T21:41:55 IST" duration-ms="1" status="PASS">
          <reporter-output>
          </reporter-output>
        </test-method> <!-- asCongif -->
      </class> <!-- contactsTests.CreateContactTest -->
    </test> <!-- Test-Runner-firefox -->
  </suite> <!-- Suite -->
</testng-results>
